<?xml version="1.0" encoding="UTF-8"?>
<testng-results ignored="0" total="1" passed="1" failed="0" skipped="0">
  <reporter-output>
  </reporter-output>
  <suite started-at="2024-10-23T15:15:10 IST" name="Default suite" finished-at="2024-10-23T15:15:25 IST" duration-ms="14841">
    <groups>
    </groups>
    <test started-at="2024-10-23T15:15:10 IST" name="Default test" finished-at="2024-10-23T15:15:25 IST" duration-ms="14841">
      <class name="com.testcase.Login">
        <test-method is-config="true" signature="setup()[pri:0, instance:com.testcase.Login@a1153bc]" started-at="2024-10-23T15:15:10 IST" name="setup" finished-at="2024-10-23T15:15:14 IST" duration-ms="3280" status="PASS">
          <reporter-output>
          </reporter-output>
        </test-method> <!-- setup -->
        <test-method signature="loginapp()[pri:0, instance:com.testcase.Login@a1153bc]" started-at="2024-10-23T15:15:14 IST" name="loginapp" finished-at="2024-10-23T15:15:25 IST" duration-ms="11382" status="PASS">
          <reporter-output>
          </reporter-output>
        </test-method> <!-- loginapp -->
        <test-method is-config="true" signature="teardown()[pri:0, instance:com.testcase.Login@a1153bc]" started-at="2024-10-23T15:15:25 IST" name="teardown" finished-at="2024-10-23T15:15:25 IST" duration-ms="139" status="PASS">
          <reporter-output>
          </reporter-output>
        </test-method> <!-- teardown -->
      </class> <!-- com.testcase.Login -->
    </test> <!-- Default test -->
  </suite> <!-- Default suite -->
</testng-results>
