<?xml version="1.0" encoding="UTF-8"?>
<testng-results ignored="0" total="1" passed="1" failed="0" skipped="0">
  <reporter-output>
  </reporter-output>
  <suite started-at="2024-10-25T16:43:06 IST" name="Default suite" finished-at="2024-10-25T16:43:22 IST" duration-ms="16640">
    <groups>
    </groups>
    <test started-at="2024-10-25T16:43:06 IST" name="Default test" finished-at="2024-10-25T16:43:22 IST" duration-ms="16640">
      <class name="com.testcase.signup">
        <test-method is-config="true" signature="setup()[pri:0, instance:com.testcase.signup@a1153bc]" started-at="2024-10-25T16:43:06 IST" name="setup" finished-at="2024-10-25T16:43:10 IST" duration-ms="4464" status="PASS">
          <reporter-output>
          </reporter-output>
        </test-method> <!-- setup -->
        <test-method signature="signupapp()[pri:0, instance:com.testcase.signup@a1153bc]" started-at="2024-10-25T16:43:10 IST" name="signupapp" finished-at="2024-10-25T16:43:22 IST" duration-ms="11694" status="PASS">
          <reporter-output>
          </reporter-output>
        </test-method> <!-- signupapp -->
        <test-method is-config="true" signature="teardown()[pri:0, instance:com.testcase.signup@a1153bc]" started-at="2024-10-25T16:43:22 IST" name="teardown" finished-at="2024-10-25T16:43:22 IST" duration-ms="422" status="PASS">
          <reporter-output>
          </reporter-output>
        </test-method> <!-- teardown -->
      </class> <!-- com.testcase.signup -->
    </test> <!-- Default test -->
  </suite> <!-- Default suite -->
</testng-results>
